[35m[Appium][39m Welcome to Appium v2.5.0
[35m[Appium][39m Non-default server args:
[35m[Appium][39m { basePath: [32m'/wd/hub'[39m, loglevel: [32m'info'[39m, port: [33m65121[39m }
[35m[Appium][39m Attempting to load driver uiautomator2...
[35m[Appium][39m Appium REST http interface listener started on http://0.0.0.0:65121/wd/hub
[35m[Appium][39m You can provide the following URLs in your client code to connect to this server:
[35m[Appium][39m 	http://172.16.213.166:65121/wd/hub
[35m[Appium][39m 	http://127.0.0.1:65121/wd/hub (only accessible from the same host)
[35m[Appium][39m Available drivers:
[35m[Appium][39m   - uiautomator2@3.0.0 (automationName 'UiAutomator2')
[35m[Appium][39m No plugins have been installed. Use the "appium plugin" command to install the one(s) you want to use.
[38;5;0m[HTTP][0m [37m-->[39m [37mGET[39m [37m/wd/hub/status[39m
[38;5;0m[HTTP][0m [90m{}[39m
[38;5;0m[HTTP][0m [37m<-- GET /wd/hub/status [39m[32m200[39m [90m4 ms - 110[39m
[38;5;0m[HTTP][0m [90m[39m
[38;5;0m[HTTP][0m [37m-->[39m [37mPOST[39m [37m/wd/hub/session[39m
[38;5;0m[HTTP][0m [90m{"desiredCapabilities":{"appium:systemPort":65120,"appium:newCommandTimeout":1800,"appium:automationName":"uiautomator2","appium:fullReset":true,"appium:platformVersion":"14","appium:noReset":false,"appium:udid":"RRCW201WHAZ","appium:autoGrantPermissions":true,"appium:platformName":"ANDROID","appium:deviceName":"samsung SM-S911B (Android 14)","platformName":"Android","appium:app":"C:\\Users\\masep\\Documents\\Bootcamp\\Assignment\\Mobile\\Android-Solodroid_E-CommerceApp Demo_3.2.0.apk\\Solodroid_E-CommerceApp Demo_3.2.0.apk"},"capabilities":{"firstMatch":[{"appium:app":"C:\\Users\\masep\\Documents\\Bootcamp\\Assignment\\Mobile\\Android-Solodroid_E-CommerceApp Demo_3.2.0.apk\\Solodroid_E-CommerceApp Demo_3.2.0.apk","appium:autoGrantPermissions":true,"appium:automationName":"uiautomator2","appium:deviceName":"samsung SM-S911B (Android 14)","appium:fullReset":true,"appium:newCommandTimeout":1800,"appium:noReset":false,"appium:platformName":"ANDROID","appium:platformVersion":"14","appium:systemPort":65120,"app...[39m
[38;5;32m[BaseDriver][0m Ignoring capability 'appium:platformName=ANDROID' and using capability 'platformName=android'
[38;5;32m[BaseDriver][0m The capabilities ["platformName"] are standard capabilities and do not require "appium:" prefix
[35m[Appium][39m Attempting to find matching driver for automationName 'uiautomator2' and platformName 'android'
[35m[Appium][39m The 'uiautomator2' driver was installed and matched caps.
[35m[Appium][39m Will require it at C:\Users\masep\.appium\node_modules\appium-uiautomator2-driver
[38;5;16m[AppiumDriver@8cf5][0m Appium v2.5.0 creating new AndroidUiautomator2Driver (v3.0.0) session
[38;5;16m[AppiumDriver@8cf5][0m Checking BaseDriver versions for Appium and AndroidUiautomator2Driver
[38;5;16m[AppiumDriver@8cf5][0m Appium's BaseDriver version is 9.5.1
[38;5;16m[AppiumDriver@8cf5][0m AndroidUiautomator2Driver's BaseDriver version is 9.5.1
[38;5;48m[AndroidUiautomator2Driver@2b7d (f2d109a4)][0m Session created with session id: f2d109a4-318e-4164-bb2d-bf6cef49bf31
[38;5;64m[ADB][0m Found 1 'build-tools' folders under 'C:\Users\masep\.katalon\tools\android_sdk' (newest first):
[38;5;64m[ADB][0m     C:\Users\masep\.katalon\tools\android_sdk\build-tools\29.0.3
[38;5;64m[ADB][0m Using 'adb.exe' from 'C:\Users\masep\.katalon\tools\android_sdk\platform-tools\adb.exe'
[38;5;48m[AndroidUiautomator2Driver@2b7d (f2d109a4)][0m Retrieving device list
[38;5;48m[AndroidUiautomator2Driver@2b7d (f2d109a4)][0m Using device: RRCW201WHAZ
[38;5;64m[ADB][0m Using 'adb.exe' from 'C:\Users\masep\.katalon\tools\android_sdk\platform-tools\adb.exe'
[38;5;32m[BaseDriver][0m Using local app 'C:\Users\masep\Documents\Bootcamp\Assignment\Mobile\Android-Solodroid_E-CommerceApp Demo_3.2.0.apk\Solodroid_E-CommerceApp Demo_3.2.0.apk'
[38;5;64m[ADB][0m Getting device platform version
[38;5;48m[AndroidUiautomator2Driver@2b7d (f2d109a4)][0m Relaxing hidden api policy
[38;5;64m[ADB][0m Package name: 'com.solodroid.solomerce'
[38;5;64m[ADB][0m Main activity name: 'com.solodroid.solomerce.activities.ActivitySplash'
[38;5;64m[ADB][0m Using 'apksigner.jar' from 'C:\Users\masep\.katalon\tools\android_sdk\build-tools\29.0.3\lib\apksigner.jar'
[38;5;64m[ADB][0m 'C:\Users\masep\.appium\node_modules\appium-uiautomator2-driver\node_modules\appium-uiautomator2-server\apks\appium-uiautomator2-server-debug-androidTest.apk' is signed with the default certificate
[38;5;64m[ADB][0m 'C:\Users\masep\Documents\Bootcamp\Assignment\Mobile\Android-Solodroid_E-CommerceApp Demo_3.2.0.apk\Solodroid_E-CommerceApp Demo_3.2.0.apk' is signed with a non-default certificate
[38;5;64m[ADB][0m com.solodroid.solomerce was not uninstalled, because it was not present on the device
[38;5;64m[ADB][0m 'C:\Users\masep\.appium\node_modules\appium-uiautomator2-driver\node_modules\appium-uiautomator2-server\apks\appium-uiautomator2-server-v7.0.0.apk' is signed with the default certificate
[38;5;64m[ADB][0m The application at 'C:\Users\masep\Documents\Bootcamp\Assignment\Mobile\Android-Solodroid_E-CommerceApp Demo_3.2.0.apk\Solodroid_E-CommerceApp Demo_3.2.0.apk' will not be cached, because the device under test has confirmed the support of streamed installs
[38;5;48m[AndroidUiautomator2Driver@2b7d (f2d109a4)][0m Server packages are not going to be (re)installed
[38;5;64m[ADB][0m Adding packages ["io.appium.settings","io.appium.uiautomator2.server","io.appium.uiautomator2.server.test"] to Doze whitelist
[38;5;64m[ADB][0m The installation of 'Solodroid_E-CommerceApp Demo_3.2.0.apk' took 4340ms
[38;5;48m[AndroidUiautomator2Driver@2b7d (f2d109a4)][0m Starting UIAutomator2 server 7.0.0
[38;5;48m[AndroidUiautomator2Driver@2b7d (f2d109a4)][0m Using UIAutomator2 server from 'C:\Users\masep\.appium\node_modules\appium-uiautomator2-driver\node_modules\appium-uiautomator2-server\apks\appium-uiautomator2-server-v7.0.0.apk' and test from 'C:\Users\masep\.appium\node_modules\appium-uiautomator2-driver\node_modules\appium-uiautomator2-server\apks\appium-uiautomator2-server-debug-androidTest.apk'
[38;5;48m[AndroidUiautomator2Driver@2b7d (f2d109a4)][0m Waiting up to 30000ms for UiAutomator2 to be online...
[38;5;48m[AndroidUiautomator2Driver@2b7d (f2d109a4)][0m socket hang up
[38;5;48m[AndroidUiautomator2Driver@2b7d (f2d109a4)][0m socket hang up
[38;5;48m[AndroidUiautomator2Driver@2b7d (f2d109a4)][0m Determined the downstream protocol as 'W3C'
[38;5;48m[AndroidUiautomator2Driver@2b7d (f2d109a4)][0m Screen already unlocked, doing nothing
[38;5;48m[AndroidUiautomator2Driver@2b7d (f2d109a4)][0m Starting 'com.solodroid.solomerce/com.solodroid.solomerce.activities.ActivitySplash and waiting for 'com.solodroid.solomerce/com.solodroid.solomerce.activities.ActivitySplash'
[38;5;16m[AppiumDriver@8cf5][0m New AndroidUiautomator2Driver session created successfully, session f2d109a4-318e-4164-bb2d-bf6cef49bf31 added to master session list
[38;5;0m[HTTP][0m [37m<-- POST /wd/hub/session [39m[32m200[39m [90m10964 ms - 1374[39m
[38;5;0m[HTTP][0m [90m[39m
[38;5;0m[HTTP][0m [37m-->[39m [37mGET[39m [37m/wd/hub/session/f2d109a4-318e-4164-bb2d-bf6cef49bf31[39m
[38;5;0m[HTTP][0m [90m{}[39m
[38;5;0m[HTTP][0m [37m<-- GET /wd/hub/session/f2d109a4-318e-4164-bb2d-bf6cef49bf31 [39m[32m200[39m [90m11 ms - 438[39m
[38;5;0m[HTTP][0m [90m[39m
[38;5;0m[HTTP][0m [37m-->[39m [37mGET[39m [37m/wd/hub/session/f2d109a4-318e-4164-bb2d-bf6cef49bf31[39m
[38;5;0m[HTTP][0m [90m{}[39m
[38;5;0m[HTTP][0m [37m<-- GET /wd/hub/session/f2d109a4-318e-4164-bb2d-bf6cef49bf31 [39m[32m200[39m [90m7 ms - 438[39m
[38;5;0m[HTTP][0m [90m[39m
[38;5;0m[HTTP][0m [37m-->[39m [37mGET[39m [37m/wd/hub/status[39m
[38;5;0m[HTTP][0m [90m{}[39m
[38;5;0m[HTTP][0m [37m<-- GET /wd/hub/status [39m[32m200[39m [90m1 ms - 110[39m
[38;5;0m[HTTP][0m [90m[39m
[38;5;0m[HTTP][0m [37m-->[39m [37mPOST[39m [37m/wd/hub/session/f2d109a4-318e-4164-bb2d-bf6cef49bf31/timeouts[39m
[38;5;0m[HTTP][0m [90m{"implicit":30000}[39m
[38;5;0m[HTTP][0m [37m<-- POST /wd/hub/session/f2d109a4-318e-4164-bb2d-bf6cef49bf31/timeouts [39m[32m200[39m [90m3 ms - 14[39m
[38;5;0m[HTTP][0m [90m[39m
[38;5;0m[HTTP][0m [37m-->[39m [37mGET[39m [37m/wd/hub/session/f2d109a4-318e-4164-bb2d-bf6cef49bf31/appium/device/system_bars[39m
[38;5;0m[HTTP][0m [90m{}[39m
[38;5;0m[HTTP][0m [37m<-- GET /wd/hub/session/f2d109a4-318e-4164-bb2d-bf6cef49bf31/appium/device/system_bars [39m[32m200[39m [90m166 ms - 151[39m
[38;5;0m[HTTP][0m [90m[39m
[38;5;0m[HTTP][0m [37m-->[39m [37mPOST[39m [37m/wd/hub/session/f2d109a4-318e-4164-bb2d-bf6cef49bf31/timeouts[39m
[38;5;0m[HTTP][0m [90m{"implicit":50}[39m
[38;5;0m[HTTP][0m [37m<-- POST /wd/hub/session/f2d109a4-318e-4164-bb2d-bf6cef49bf31/timeouts [39m[32m200[39m [90m2 ms - 14[39m
[38;5;0m[HTTP][0m [90m[39m
[38;5;0m[HTTP][0m [37m-->[39m [37mGET[39m [37m/wd/hub/session/f2d109a4-318e-4164-bb2d-bf6cef49bf31/window/rect[39m
[38;5;0m[HTTP][0m [90m{}[39m
[38;5;0m[HTTP][0m [37m<-- GET /wd/hub/session/f2d109a4-318e-4164-bb2d-bf6cef49bf31/window/rect [39m[32m200[39m [90m23 ms - 50[39m
[38;5;0m[HTTP][0m [90m[39m
[38;5;0m[HTTP][0m [37m-->[39m [37mPOST[39m [37m/wd/hub/session/f2d109a4-318e-4164-bb2d-bf6cef49bf31/elements[39m
[38;5;0m[HTTP][0m [90m{"using":"xpath","value":"//*[@class = 'android.widget.FrameLayout' and @resource-id = 'com.solodroid.solomerce:id/nav_category' and (@text = '' or . = '')]"}[39m
[38;5;0m[HTTP][0m [37m<-- POST /wd/hub/session/f2d109a4-318e-4164-bb2d-bf6cef49bf31/elements [39m[32m200[39m [90m803 ms - 139[39m
[38;5;0m[HTTP][0m [90m[39m
[38;5;0m[HTTP][0m [37m-->[39m [37mGET[39m [37m/wd/hub/session/f2d109a4-318e-4164-bb2d-bf6cef49bf31/element/00000000-0000-0123-ffff-ffff00000020/location[39m
[38;5;0m[HTTP][0m [90m{}[39m
[38;5;48m[AndroidUiautomator2Driver@2b7d (f2d109a4)][0m Driver proxy active, passing request on via HTTP proxy
[38;5;48m[AndroidUiautomator2Driver@2b7d (f2d109a4)][0m Replacing sessionId 24c2ee00-abb6-45f6-9332-6edfde09fa87 with f2d109a4-318e-4164-bb2d-bf6cef49bf31
[38;5;0m[HTTP][0m [37m<-- GET /wd/hub/session/f2d109a4-318e-4164-bb2d-bf6cef49bf31/element/00000000-0000-0123-ffff-ffff00000020/location [39m[32m200[39m [90m2883 ms - 79[39m
[38;5;0m[HTTP][0m [90m[39m
[38;5;0m[HTTP][0m [37m-->[39m [37mPOST[39m [37m/wd/hub/session/f2d109a4-318e-4164-bb2d-bf6cef49bf31/timeouts[39m
[38;5;0m[HTTP][0m [90m{"implicit":30000}[39m
[38;5;0m[HTTP][0m [37m<-- POST /wd/hub/session/f2d109a4-318e-4164-bb2d-bf6cef49bf31/timeouts [39m[32m200[39m [90m1 ms - 14[39m
[38;5;0m[HTTP][0m [90m[39m
[38;5;0m[HTTP][0m [37m-->[39m [37mPOST[39m [37m/wd/hub/session/f2d109a4-318e-4164-bb2d-bf6cef49bf31/element/00000000-0000-0123-ffff-ffff00000020/click[39m
[38;5;0m[HTTP][0m [90m{"id":"00000000-0000-0123-ffff-ffff00000020"}[39m
[38;5;0m[HTTP][0m [37m<-- POST /wd/hub/session/f2d109a4-318e-4164-bb2d-bf6cef49bf31/element/00000000-0000-0123-ffff-ffff00000020/click [39m[32m200[39m [90m113 ms - 14[39m
[38;5;0m[HTTP][0m [90m[39m
[38;5;0m[HTTP][0m [37m-->[39m [37mPOST[39m [37m/wd/hub/session/f2d109a4-318e-4164-bb2d-bf6cef49bf31/timeouts[39m
[38;5;0m[HTTP][0m [90m{"implicit":50}[39m
[38;5;0m[HTTP][0m [37m<-- POST /wd/hub/session/f2d109a4-318e-4164-bb2d-bf6cef49bf31/timeouts [39m[32m200[39m [90m1 ms - 14[39m
[38;5;0m[HTTP][0m [90m[39m
[38;5;0m[HTTP][0m [37m-->[39m [37mGET[39m [37m/wd/hub/session/f2d109a4-318e-4164-bb2d-bf6cef49bf31/window/rect[39m
[38;5;0m[HTTP][0m [90m{}[39m
[38;5;0m[HTTP][0m [37m<-- GET /wd/hub/session/f2d109a4-318e-4164-bb2d-bf6cef49bf31/window/rect [39m[32m200[39m [90m30 ms - 50[39m
[38;5;0m[HTTP][0m [90m[39m
[38;5;0m[HTTP][0m [37m-->[39m [37mPOST[39m [37m/wd/hub/session/f2d109a4-318e-4164-bb2d-bf6cef49bf31/elements[39m
[38;5;0m[HTTP][0m [90m{"using":"xpath","value":"//*[@class = 'android.widget.TextView' and (@text = 'Fashions' or . = 'Fashions') and @resource-id = 'com.solodroid.solomerce:id/category_name']"}[39m
[38;5;0m[HTTP][0m [37m<-- POST /wd/hub/session/f2d109a4-318e-4164-bb2d-bf6cef49bf31/elements [39m[32m200[39m [90m1017 ms - 139[39m
[38;5;0m[HTTP][0m [90m[39m
[38;5;0m[HTTP][0m [37m-->[39m [37mGET[39m [37m/wd/hub/session/f2d109a4-318e-4164-bb2d-bf6cef49bf31/element/00000000-0000-0123-ffff-ffff00000091/location[39m
[38;5;0m[HTTP][0m [90m{}[39m
[38;5;48m[AndroidUiautomator2Driver@2b7d (f2d109a4)][0m Driver proxy active, passing request on via HTTP proxy
[38;5;48m[AndroidUiautomator2Driver@2b7d (f2d109a4)][0m Replacing sessionId 24c2ee00-abb6-45f6-9332-6edfde09fa87 with f2d109a4-318e-4164-bb2d-bf6cef49bf31
[38;5;0m[HTTP][0m [37m<-- GET /wd/hub/session/f2d109a4-318e-4164-bb2d-bf6cef49bf31/element/00000000-0000-0123-ffff-ffff00000091/location [39m[32m200[39m [90m150 ms - 78[39m
[38;5;0m[HTTP][0m [90m[39m
[38;5;0m[HTTP][0m [37m-->[39m [37mPOST[39m [37m/wd/hub/session/f2d109a4-318e-4164-bb2d-bf6cef49bf31/timeouts[39m
[38;5;0m[HTTP][0m [90m{"implicit":30000}[39m
[38;5;0m[HTTP][0m [37m<-- POST /wd/hub/session/f2d109a4-318e-4164-bb2d-bf6cef49bf31/timeouts [39m[32m200[39m [90m4 ms - 14[39m
[38;5;0m[HTTP][0m [90m[39m
[38;5;0m[HTTP][0m [37m-->[39m [37mPOST[39m [37m/wd/hub/session/f2d109a4-318e-4164-bb2d-bf6cef49bf31/element/00000000-0000-0123-ffff-ffff00000091/click[39m
[38;5;0m[HTTP][0m [90m{"id":"00000000-0000-0123-ffff-ffff00000091"}[39m
[38;5;0m[HTTP][0m [37m<-- POST /wd/hub/session/f2d109a4-318e-4164-bb2d-bf6cef49bf31/element/00000000-0000-0123-ffff-ffff00000091/click [39m[32m200[39m [90m2068 ms - 14[39m
[38;5;0m[HTTP][0m [90m[39m
[38;5;0m[HTTP][0m [37m-->[39m [37mPOST[39m [37m/wd/hub/session/f2d109a4-318e-4164-bb2d-bf6cef49bf31/timeouts[39m
[38;5;0m[HTTP][0m [90m{"implicit":50}[39m
[38;5;0m[HTTP][0m [37m<-- POST /wd/hub/session/f2d109a4-318e-4164-bb2d-bf6cef49bf31/timeouts [39m[32m200[39m [90m2 ms - 14[39m
[38;5;0m[HTTP][0m [90m[39m
[38;5;0m[HTTP][0m [37m-->[39m [37mGET[39m [37m/wd/hub/session/f2d109a4-318e-4164-bb2d-bf6cef49bf31/window/rect[39m
[38;5;0m[HTTP][0m [90m{}[39m
[38;5;0m[HTTP][0m [37m<-- GET /wd/hub/session/f2d109a4-318e-4164-bb2d-bf6cef49bf31/window/rect [39m[32m200[39m [90m30 ms - 50[39m
[38;5;0m[HTTP][0m [90m[39m
[38;5;0m[HTTP][0m [37m-->[39m [37mPOST[39m [37m/wd/hub/session/f2d109a4-318e-4164-bb2d-bf6cef49bf31/elements[39m
[38;5;0m[HTTP][0m [90m{"using":"xpath","value":"//hierarchy/android.widget.FrameLayout[1]/android.widget.LinearLayout[1]/android.widget.FrameLayout[1]/android.widget.LinearLayout[1]/android.widget.FrameLayout[1]/android.widget.LinearLayout[1]/android.view.ViewGroup[2]/androidx.recyclerview.widget.RecyclerView[1]/android.widget.FrameLayout[3]/android.widget.RelativeLayout[1]/android.view.ViewGroup[1]/android.widget.ImageView[1]"}[39m
[38;5;0m[HTTP][0m [37m<-- POST /wd/hub/session/f2d109a4-318e-4164-bb2d-bf6cef49bf31/elements [39m[32m200[39m [90m363 ms - 139[39m
[38;5;0m[HTTP][0m [90m[39m
[38;5;0m[HTTP][0m [37m-->[39m [37mGET[39m [37m/wd/hub/session/f2d109a4-318e-4164-bb2d-bf6cef49bf31/element/00000000-0000-0124-ffff-ffff000000e1/location[39m
[38;5;0m[HTTP][0m [90m{}[39m
[38;5;48m[AndroidUiautomator2Driver@2b7d (f2d109a4)][0m Driver proxy active, passing request on via HTTP proxy
[38;5;48m[AndroidUiautomator2Driver@2b7d (f2d109a4)][0m Replacing sessionId 24c2ee00-abb6-45f6-9332-6edfde09fa87 with f2d109a4-318e-4164-bb2d-bf6cef49bf31
[38;5;0m[HTTP][0m [37m<-- GET /wd/hub/session/f2d109a4-318e-4164-bb2d-bf6cef49bf31/element/00000000-0000-0124-ffff-ffff000000e1/location [39m[32m200[39m [90m811 ms - 78[39m
[38;5;0m[HTTP][0m [90m[39m
[38;5;0m[HTTP][0m [37m-->[39m [37mPOST[39m [37m/wd/hub/session/f2d109a4-318e-4164-bb2d-bf6cef49bf31/timeouts[39m
[38;5;0m[HTTP][0m [90m{"implicit":30000}[39m
[38;5;0m[HTTP][0m [37m<-- POST /wd/hub/session/f2d109a4-318e-4164-bb2d-bf6cef49bf31/timeouts [39m[32m200[39m [90m2 ms - 14[39m
[38;5;0m[HTTP][0m [90m[39m
[38;5;0m[HTTP][0m [37m-->[39m [37mPOST[39m [37m/wd/hub/session/f2d109a4-318e-4164-bb2d-bf6cef49bf31/element/00000000-0000-0124-ffff-ffff000000e1/click[39m
[38;5;0m[HTTP][0m [90m{"id":"00000000-0000-0124-ffff-ffff000000e1"}[39m
[38;5;0m[HTTP][0m [37m<-- POST /wd/hub/session/f2d109a4-318e-4164-bb2d-bf6cef49bf31/element/00000000-0000-0124-ffff-ffff000000e1/click [39m[32m200[39m [90m104 ms - 14[39m
[38;5;0m[HTTP][0m [90m[39m
[38;5;0m[HTTP][0m [37m-->[39m [37mPOST[39m [37m/wd/hub/session/f2d109a4-318e-4164-bb2d-bf6cef49bf31/timeouts[39m
[38;5;0m[HTTP][0m [90m{"implicit":50}[39m
[38;5;0m[HTTP][0m [37m<-- POST /wd/hub/session/f2d109a4-318e-4164-bb2d-bf6cef49bf31/timeouts [39m[32m200[39m [90m1 ms - 14[39m
[38;5;0m[HTTP][0m [90m[39m
[38;5;0m[HTTP][0m [37m-->[39m [37mGET[39m [37m/wd/hub/session/f2d109a4-318e-4164-bb2d-bf6cef49bf31/window/rect[39m
[38;5;0m[HTTP][0m [90m{}[39m
[38;5;0m[HTTP][0m [37m<-- GET /wd/hub/session/f2d109a4-318e-4164-bb2d-bf6cef49bf31/window/rect [39m[32m200[39m [90m28 ms - 50[39m
[38;5;0m[HTTP][0m [90m[39m
[38;5;0m[HTTP][0m [37m-->[39m [37mPOST[39m [37m/wd/hub/session/f2d109a4-318e-4164-bb2d-bf6cef49bf31/elements[39m
[38;5;0m[HTTP][0m [90m{"using":"xpath","value":"//*[@class = 'android.widget.Button' and (@text = 'ADD TO CART' or . = 'ADD TO CART') and @resource-id = 'com.solodroid.solomerce:id/btn_add_cart']"}[39m
[38;5;0m[HTTP][0m [37m<-- POST /wd/hub/session/f2d109a4-318e-4164-bb2d-bf6cef49bf31/elements [39m[32m200[39m [90m217 ms - 12[39m
[38;5;0m[HTTP][0m [90m[39m
[38;5;0m[HTTP][0m [37m-->[39m [37mPOST[39m [37m/wd/hub/session/f2d109a4-318e-4164-bb2d-bf6cef49bf31/elements[39m
[38;5;0m[HTTP][0m [90m{"using":"xpath","value":"//*[@class = 'android.widget.Button' and (@text = 'ADD TO CART' or . = 'ADD TO CART') and @resource-id = 'com.solodroid.solomerce:id/btn_add_cart']"}[39m
[38;5;0m[HTTP][0m [37m<-- POST /wd/hub/session/f2d109a4-318e-4164-bb2d-bf6cef49bf31/elements [39m[32m200[39m [90m1374 ms - 139[39m
[38;5;0m[HTTP][0m [90m[39m
[38;5;0m[HTTP][0m [37m-->[39m [37mGET[39m [37m/wd/hub/session/f2d109a4-318e-4164-bb2d-bf6cef49bf31/element/00000000-0000-0125-ffff-ffff00000110/location[39m
[38;5;0m[HTTP][0m [90m{}[39m
[38;5;48m[AndroidUiautomator2Driver@2b7d (f2d109a4)][0m Driver proxy active, passing request on via HTTP proxy
[38;5;48m[AndroidUiautomator2Driver@2b7d (f2d109a4)][0m Replacing sessionId 24c2ee00-abb6-45f6-9332-6edfde09fa87 with f2d109a4-318e-4164-bb2d-bf6cef49bf31
[38;5;0m[HTTP][0m [37m<-- GET /wd/hub/session/f2d109a4-318e-4164-bb2d-bf6cef49bf31/element/00000000-0000-0125-ffff-ffff00000110/location [39m[32m200[39m [90m761 ms - 77[39m
[38;5;0m[HTTP][0m [90m[39m
[38;5;0m[HTTP][0m [37m-->[39m [37mPOST[39m [37m/wd/hub/session/f2d109a4-318e-4164-bb2d-bf6cef49bf31/timeouts[39m
[38;5;0m[HTTP][0m [90m{"implicit":30000}[39m
[38;5;0m[HTTP][0m [37m<-- POST /wd/hub/session/f2d109a4-318e-4164-bb2d-bf6cef49bf31/timeouts [39m[32m200[39m [90m3 ms - 14[39m
[38;5;0m[HTTP][0m [90m[39m
[38;5;0m[HTTP][0m [37m-->[39m [37mPOST[39m [37m/wd/hub/session/f2d109a4-318e-4164-bb2d-bf6cef49bf31/element/00000000-0000-0125-ffff-ffff00000110/click[39m
[38;5;0m[HTTP][0m [90m{"id":"00000000-0000-0125-ffff-ffff00000110"}[39m
[38;5;0m[HTTP][0m [37m<-- POST /wd/hub/session/f2d109a4-318e-4164-bb2d-bf6cef49bf31/element/00000000-0000-0125-ffff-ffff00000110/click [39m[32m200[39m [90m203 ms - 14[39m
[38;5;0m[HTTP][0m [90m[39m
[38;5;0m[HTTP][0m [37m-->[39m [37mPOST[39m [37m/wd/hub/session/f2d109a4-318e-4164-bb2d-bf6cef49bf31/timeouts[39m
[38;5;0m[HTTP][0m [90m{"implicit":50}[39m
[38;5;0m[HTTP][0m [37m<-- POST /wd/hub/session/f2d109a4-318e-4164-bb2d-bf6cef49bf31/timeouts [39m[32m200[39m [90m1 ms - 14[39m
[38;5;0m[HTTP][0m [90m[39m
[38;5;0m[HTTP][0m [37m-->[39m [37mGET[39m [37m/wd/hub/session/f2d109a4-318e-4164-bb2d-bf6cef49bf31/window/rect[39m
[38;5;0m[HTTP][0m [90m{}[39m
[38;5;0m[HTTP][0m [37m<-- GET /wd/hub/session/f2d109a4-318e-4164-bb2d-bf6cef49bf31/window/rect [39m[32m200[39m [90m24 ms - 50[39m
[38;5;0m[HTTP][0m [90m[39m
[38;5;0m[HTTP][0m [37m-->[39m [37mPOST[39m [37m/wd/hub/session/f2d109a4-318e-4164-bb2d-bf6cef49bf31/elements[39m
[38;5;0m[HTTP][0m [90m{"using":"xpath","value":"//*[@class = 'android.widget.EditText' and @resource-id = 'com.solodroid.solomerce:id/userInputDialog' and (@text = '' or . = '')]"}[39m
[38;5;0m[HTTP][0m [37m<-- POST /wd/hub/session/f2d109a4-318e-4164-bb2d-bf6cef49bf31/elements [39m[32m200[39m [90m212 ms - 12[39m
[38;5;0m[HTTP][0m [90m[39m
[38;5;0m[HTTP][0m [37m-->[39m [37mPOST[39m [37m/wd/hub/session/f2d109a4-318e-4164-bb2d-bf6cef49bf31/elements[39m
[38;5;0m[HTTP][0m [90m{"using":"xpath","value":"//*[@class = 'android.widget.EditText' and @resource-id = 'com.solodroid.solomerce:id/userInputDialog' and (@text = '' or . = '')]"}[39m
[38;5;0m[HTTP][0m [37m<-- POST /wd/hub/session/f2d109a4-318e-4164-bb2d-bf6cef49bf31/elements [39m[32m200[39m [90m964 ms - 139[39m
[38;5;0m[HTTP][0m [90m[39m
[38;5;0m[HTTP][0m [37m-->[39m [37mGET[39m [37m/wd/hub/session/f2d109a4-318e-4164-bb2d-bf6cef49bf31/element/00000000-0000-0126-ffff-ffff00000129/location[39m
[38;5;0m[HTTP][0m [90m{}[39m
[38;5;48m[AndroidUiautomator2Driver@2b7d (f2d109a4)][0m Driver proxy active, passing request on via HTTP proxy
[38;5;48m[AndroidUiautomator2Driver@2b7d (f2d109a4)][0m Replacing sessionId 24c2ee00-abb6-45f6-9332-6edfde09fa87 with f2d109a4-318e-4164-bb2d-bf6cef49bf31
[38;5;0m[HTTP][0m [37m<-- GET /wd/hub/session/f2d109a4-318e-4164-bb2d-bf6cef49bf31/element/00000000-0000-0126-ffff-ffff00000129/location [39m[32m200[39m [90m32 ms - 79[39m
[38;5;0m[HTTP][0m [90m[39m
[38;5;0m[HTTP][0m [37m-->[39m [37mPOST[39m [37m/wd/hub/session/f2d109a4-318e-4164-bb2d-bf6cef49bf31/timeouts[39m
[38;5;0m[HTTP][0m [90m{"implicit":30000}[39m
[38;5;0m[HTTP][0m [37m<-- POST /wd/hub/session/f2d109a4-318e-4164-bb2d-bf6cef49bf31/timeouts [39m[32m200[39m [90m3 ms - 14[39m
[38;5;0m[HTTP][0m [90m[39m
[38;5;0m[HTTP][0m [37m-->[39m [37mPOST[39m [37m/wd/hub/session/f2d109a4-318e-4164-bb2d-bf6cef49bf31/element/00000000-0000-0126-ffff-ffff00000129/clear[39m
[38;5;0m[HTTP][0m [90m{"id":"00000000-0000-0126-ffff-ffff00000129"}[39m
[38;5;0m[HTTP][0m [37m<-- POST /wd/hub/session/f2d109a4-318e-4164-bb2d-bf6cef49bf31/element/00000000-0000-0126-ffff-ffff00000129/clear [39m[32m200[39m [90m33 ms - 14[39m
[38;5;0m[HTTP][0m [90m[39m
[38;5;0m[HTTP][0m [37m-->[39m [37mPOST[39m [37m/wd/hub/session/f2d109a4-318e-4164-bb2d-bf6cef49bf31/element/00000000-0000-0126-ffff-ffff00000129/click[39m
[38;5;0m[HTTP][0m [90m{"id":"00000000-0000-0126-ffff-ffff00000129"}[39m
[38;5;0m[HTTP][0m [37m<-- POST /wd/hub/session/f2d109a4-318e-4164-bb2d-bf6cef49bf31/element/00000000-0000-0126-ffff-ffff00000129/click [39m[32m200[39m [90m563 ms - 14[39m
[38;5;0m[HTTP][0m [90m[39m
[38;5;0m[HTTP][0m [37m-->[39m [37mPOST[39m [37m/wd/hub/session/f2d109a4-318e-4164-bb2d-bf6cef49bf31/element/00000000-0000-0126-ffff-ffff00000129/value[39m
[38;5;0m[HTTP][0m [90m{"id":"00000000-0000-0126-ffff-ffff00000129","text":"3","value":["3"]}[39m
[38;5;0m[HTTP][0m [37m<-- POST /wd/hub/session/f2d109a4-318e-4164-bb2d-bf6cef49bf31/element/00000000-0000-0126-ffff-ffff00000129/value [39m[32m200[39m [90m1025 ms - 14[39m
[38;5;0m[HTTP][0m [90m[39m
[38;5;0m[HTTP][0m [37m-->[39m [37mPOST[39m [37m/wd/hub/session/f2d109a4-318e-4164-bb2d-bf6cef49bf31/timeouts[39m
[38;5;0m[HTTP][0m [90m{"implicit":50}[39m
[38;5;0m[HTTP][0m [37m<-- POST /wd/hub/session/f2d109a4-318e-4164-bb2d-bf6cef49bf31/timeouts [39m[32m200[39m [90m1 ms - 14[39m
[38;5;0m[HTTP][0m [90m[39m
[38;5;0m[HTTP][0m [37m-->[39m [37mGET[39m [37m/wd/hub/session/f2d109a4-318e-4164-bb2d-bf6cef49bf31/window/rect[39m
[38;5;0m[HTTP][0m [90m{}[39m
[38;5;0m[HTTP][0m [37m<-- GET /wd/hub/session/f2d109a4-318e-4164-bb2d-bf6cef49bf31/window/rect [39m[32m200[39m [90m11 ms - 50[39m
[38;5;0m[HTTP][0m [90m[39m
[38;5;0m[HTTP][0m [37m-->[39m [37mPOST[39m [37m/wd/hub/session/f2d109a4-318e-4164-bb2d-bf6cef49bf31/elements[39m
[38;5;0m[HTTP][0m [90m{"using":"xpath","value":"//*[@class = 'android.widget.Button' and (@text = 'ADD' or . = 'ADD') and @resource-id = 'android:id/button1']"}[39m
[38;5;0m[HTTP][0m [37m<-- POST /wd/hub/session/f2d109a4-318e-4164-bb2d-bf6cef49bf31/elements [39m[32m200[39m [90m658 ms - 139[39m
[38;5;0m[HTTP][0m [90m[39m
[38;5;0m[HTTP][0m [37m-->[39m [37mGET[39m [37m/wd/hub/session/f2d109a4-318e-4164-bb2d-bf6cef49bf31/element/00000000-0000-0126-ffff-ffff0000012f/location[39m
[38;5;0m[HTTP][0m [90m{}[39m
[38;5;48m[AndroidUiautomator2Driver@2b7d (f2d109a4)][0m Driver proxy active, passing request on via HTTP proxy
[38;5;48m[AndroidUiautomator2Driver@2b7d (f2d109a4)][0m Replacing sessionId 24c2ee00-abb6-45f6-9332-6edfde09fa87 with f2d109a4-318e-4164-bb2d-bf6cef49bf31
[38;5;0m[HTTP][0m [37m<-- GET /wd/hub/session/f2d109a4-318e-4164-bb2d-bf6cef49bf31/element/00000000-0000-0126-ffff-ffff0000012f/location [39m[32m200[39m [90m48 ms - 78[39m
[38;5;0m[HTTP][0m [90m[39m
[38;5;0m[HTTP][0m [37m-->[39m [37mPOST[39m [37m/wd/hub/session/f2d109a4-318e-4164-bb2d-bf6cef49bf31/timeouts[39m
[38;5;0m[HTTP][0m [90m{"implicit":30000}[39m
[38;5;0m[HTTP][0m [37m<-- POST /wd/hub/session/f2d109a4-318e-4164-bb2d-bf6cef49bf31/timeouts [39m[32m200[39m [90m1 ms - 14[39m
[38;5;0m[HTTP][0m [90m[39m
[38;5;0m[HTTP][0m [37m-->[39m [37mPOST[39m [37m/wd/hub/session/f2d109a4-318e-4164-bb2d-bf6cef49bf31/element/00000000-0000-0126-ffff-ffff0000012f/click[39m
[38;5;0m[HTTP][0m [90m{"id":"00000000-0000-0126-ffff-ffff0000012f"}[39m
[38;5;0m[HTTP][0m [37m<-- POST /wd/hub/session/f2d109a4-318e-4164-bb2d-bf6cef49bf31/element/00000000-0000-0126-ffff-ffff0000012f/click [39m[32m200[39m [90m86 ms - 14[39m
[38;5;0m[HTTP][0m [90m[39m
[38;5;0m[HTTP][0m [37m-->[39m [37mGET[39m [37m/wd/hub/session/f2d109a4-318e-4164-bb2d-bf6cef49bf31/context[39m
[38;5;0m[HTTP][0m [90m{}[39m
[38;5;0m[HTTP][0m [37m<-- GET /wd/hub/session/f2d109a4-318e-4164-bb2d-bf6cef49bf31/context [39m[32m200[39m [90m3 ms - 22[39m
[38;5;0m[HTTP][0m [90m[39m
[38;5;0m[HTTP][0m [37m-->[39m [37mGET[39m [37m/wd/hub/session/f2d109a4-318e-4164-bb2d-bf6cef49bf31/contexts[39m
[38;5;0m[HTTP][0m [90m{}[39m
[38;5;0m[HTTP][0m [37m<-- GET /wd/hub/session/f2d109a4-318e-4164-bb2d-bf6cef49bf31/contexts [39m[32m200[39m [90m324 ms - 24[39m
[38;5;0m[HTTP][0m [90m[39m
[38;5;0m[HTTP][0m [37m-->[39m [37mPOST[39m [37m/wd/hub/session/f2d109a4-318e-4164-bb2d-bf6cef49bf31/context[39m
[38;5;0m[HTTP][0m [90m{"name":"NATIVE_APP"}[39m
[38;5;0m[HTTP][0m [37m<-- POST /wd/hub/session/f2d109a4-318e-4164-bb2d-bf6cef49bf31/context [39m[32m200[39m [90m2 ms - 14[39m
[38;5;0m[HTTP][0m [90m[39m
[38;5;0m[HTTP][0m [37m-->[39m [37mPOST[39m [37m/wd/hub/session/f2d109a4-318e-4164-bb2d-bf6cef49bf31/appium/device/press_keycode[39m
[38;5;0m[HTTP][0m [90m{"keycode":4}[39m
[38;5;0m[HTTP][0m [37m<-- POST /wd/hub/session/f2d109a4-318e-4164-bb2d-bf6cef49bf31/appium/device/press_keycode [39m[32m200[39m [90m1063 ms - 14[39m
[38;5;0m[HTTP][0m [90m[39m
[38;5;0m[HTTP][0m [37m-->[39m [37mPOST[39m [37m/wd/hub/session/f2d109a4-318e-4164-bb2d-bf6cef49bf31/context[39m
[38;5;0m[HTTP][0m [90m{"name":"NATIVE_APP"}[39m
[38;5;0m[HTTP][0m [37m<-- POST /wd/hub/session/f2d109a4-318e-4164-bb2d-bf6cef49bf31/context [39m[32m200[39m [90m2 ms - 14[39m
[38;5;0m[HTTP][0m [90m[39m
[38;5;0m[HTTP][0m [37m-->[39m [37mGET[39m [37m/wd/hub/session/f2d109a4-318e-4164-bb2d-bf6cef49bf31/context[39m
[38;5;0m[HTTP][0m [90m{}[39m
[38;5;0m[HTTP][0m [37m<-- GET /wd/hub/session/f2d109a4-318e-4164-bb2d-bf6cef49bf31/context [39m[32m200[39m [90m3 ms - 22[39m
[38;5;0m[HTTP][0m [90m[39m
[38;5;0m[HTTP][0m [37m-->[39m [37mGET[39m [37m/wd/hub/session/f2d109a4-318e-4164-bb2d-bf6cef49bf31/contexts[39m
[38;5;0m[HTTP][0m [90m{}[39m
[38;5;0m[HTTP][0m [37m<-- GET /wd/hub/session/f2d109a4-318e-4164-bb2d-bf6cef49bf31/contexts [39m[32m200[39m [90m392 ms - 24[39m
[38;5;0m[HTTP][0m [90m[39m
[38;5;0m[HTTP][0m [37m-->[39m [37mPOST[39m [37m/wd/hub/session/f2d109a4-318e-4164-bb2d-bf6cef49bf31/context[39m
[38;5;0m[HTTP][0m [90m{"name":"NATIVE_APP"}[39m
[38;5;0m[HTTP][0m [37m<-- POST /wd/hub/session/f2d109a4-318e-4164-bb2d-bf6cef49bf31/context [39m[32m200[39m [90m3 ms - 14[39m
[38;5;0m[HTTP][0m [90m[39m
[38;5;0m[HTTP][0m [37m-->[39m [37mPOST[39m [37m/wd/hub/session/f2d109a4-318e-4164-bb2d-bf6cef49bf31/appium/device/press_keycode[39m
[38;5;0m[HTTP][0m [90m{"keycode":4}[39m
[38;5;0m[HTTP][0m [37m<-- POST /wd/hub/session/f2d109a4-318e-4164-bb2d-bf6cef49bf31/appium/device/press_keycode [39m[32m200[39m [90m176 ms - 14[39m
[38;5;0m[HTTP][0m [90m[39m
[38;5;0m[HTTP][0m [37m-->[39m [37mPOST[39m [37m/wd/hub/session/f2d109a4-318e-4164-bb2d-bf6cef49bf31/context[39m
[38;5;0m[HTTP][0m [90m{"name":"NATIVE_APP"}[39m
[38;5;0m[HTTP][0m [37m<-- POST /wd/hub/session/f2d109a4-318e-4164-bb2d-bf6cef49bf31/context [39m[32m200[39m [90m1 ms - 14[39m
[38;5;0m[HTTP][0m [90m[39m
[38;5;0m[HTTP][0m [37m-->[39m [37mGET[39m [37m/wd/hub/status[39m
[38;5;0m[HTTP][0m [90m{}[39m
[38;5;0m[HTTP][0m [37m<-- GET /wd/hub/status [39m[32m200[39m [90m1 ms - 110[39m
[38;5;0m[HTTP][0m [90m[39m
[38;5;0m[HTTP][0m [37m-->[39m [37mPOST[39m [37m/wd/hub/session[39m
[38;5;0m[HTTP][0m [90m{"desiredCapabilities":{"appium:systemPort":65331,"appium:newCommandTimeout":1800,"appium:automationName":"uiautomator2","appium:fullReset":true,"appium:platformVersion":"14","appium:noReset":false,"appium:udid":"RRCW201WHAZ","appium:autoGrantPermissions":true,"appium:platformName":"ANDROID","appium:deviceName":"samsung SM-S911B (Android 14)","platformName":"Android","appium:app":"C:\\Users\\masep\\Documents\\Bootcamp\\Assignment\\Mobile\\Android-Solodroid_E-CommerceApp Demo_3.2.0.apk\\Solodroid_E-CommerceApp Demo_3.2.0.apk"},"capabilities":{"firstMatch":[{"appium:app":"C:\\Users\\masep\\Documents\\Bootcamp\\Assignment\\Mobile\\Android-Solodroid_E-CommerceApp Demo_3.2.0.apk\\Solodroid_E-CommerceApp Demo_3.2.0.apk","appium:autoGrantPermissions":true,"appium:automationName":"uiautomator2","appium:deviceName":"samsung SM-S911B (Android 14)","appium:fullReset":true,"appium:newCommandTimeout":1800,"appium:noReset":false,"appium:platformName":"ANDROID","appium:platformVersion":"14","appium:systemPort":65331,"app...[39m
[38;5;32m[BaseDriver][0m Ignoring capability 'appium:platformName=ANDROID' and using capability 'platformName=android'
[38;5;32m[BaseDriver][0m The capabilities ["platformName"] are standard capabilities and do not require "appium:" prefix
[35m[Appium][39m Attempting to find matching driver for automationName 'uiautomator2' and platformName 'android'
[35m[Appium][39m The 'uiautomator2' driver was installed and matched caps.
[35m[Appium][39m Will require it at C:\Users\masep\.appium\node_modules\appium-uiautomator2-driver
[38;5;16m[AppiumDriver@8cf5][0m Appium v2.5.0 creating new AndroidUiautomator2Driver (v3.0.0) session
[38;5;16m[AppiumDriver@8cf5][0m Checking BaseDriver versions for Appium and AndroidUiautomator2Driver
[38;5;16m[AppiumDriver@8cf5][0m Appium's BaseDriver version is 9.5.1
[38;5;16m[AppiumDriver@8cf5][0m AndroidUiautomator2Driver's BaseDriver version is 9.5.1
[38;5;48m[AndroidUiautomator2Driver@da35 (9345cb6f)][0m Session created with session id: 9345cb6f-5153-46a3-97eb-750be01c831c
[38;5;64m[ADB][0m Using 'adb.exe' from 'C:\Users\masep\.katalon\tools\android_sdk\platform-tools\adb.exe'
[38;5;48m[AndroidUiautomator2Driver@da35 (9345cb6f)][0m Retrieving device list
[38;5;48m[AndroidUiautomator2Driver@da35 (9345cb6f)][0m Using device: RRCW201WHAZ
[38;5;64m[ADB][0m Using 'adb.exe' from 'C:\Users\masep\.katalon\tools\android_sdk\platform-tools\adb.exe'
[38;5;32m[BaseDriver][0m Using local app 'C:\Users\masep\Documents\Bootcamp\Assignment\Mobile\Android-Solodroid_E-CommerceApp Demo_3.2.0.apk\Solodroid_E-CommerceApp Demo_3.2.0.apk'
[38;5;64m[ADB][0m Getting device platform version
[38;5;48m[AndroidUiautomator2Driver@da35 (9345cb6f)][0m Relaxing hidden api policy
[38;5;64m[ADB][0m Package name: 'com.solodroid.solomerce'
[38;5;64m[ADB][0m Main activity name: 'com.solodroid.solomerce.activities.ActivitySplash'
[38;5;64m[ADB][0m com.solodroid.solomerce was successfully uninstalled
[38;5;48m[AndroidUiautomator2Driver@da35 (9345cb6f)][0m Server packages are not going to be (re)installed
[38;5;64m[ADB][0m Adding packages ["io.appium.settings","io.appium.uiautomator2.server","io.appium.uiautomator2.server.test"] to Doze whitelist
[38;5;64m[ADB][0m The application at 'C:\Users\masep\Documents\Bootcamp\Assignment\Mobile\Android-Solodroid_E-CommerceApp Demo_3.2.0.apk\Solodroid_E-CommerceApp Demo_3.2.0.apk' will not be cached, because the device under test has confirmed the support of streamed installs
[38;5;64m[ADB][0m The installation of 'Solodroid_E-CommerceApp Demo_3.2.0.apk' took 1548ms
[38;5;48m[AndroidUiautomator2Driver@da35 (9345cb6f)][0m Starting UIAutomator2 server 7.0.0
[38;5;48m[AndroidUiautomator2Driver@da35 (9345cb6f)][0m Using UIAutomator2 server from 'C:\Users\masep\.appium\node_modules\appium-uiautomator2-driver\node_modules\appium-uiautomator2-server\apks\appium-uiautomator2-server-v7.0.0.apk' and test from 'C:\Users\masep\.appium\node_modules\appium-uiautomator2-driver\node_modules\appium-uiautomator2-server\apks\appium-uiautomator2-server-debug-androidTest.apk'
[38;5;48m[AndroidUiautomator2Driver@da35 (9345cb6f)][0m Waiting up to 30000ms for UiAutomator2 to be online...
[38;5;48m[AndroidUiautomator2Driver@da35 (9345cb6f)][0m socket hang up
[38;5;48m[AndroidUiautomator2Driver@da35 (9345cb6f)][0m socket hang up
[38;5;48m[AndroidUiautomator2Driver@da35 (9345cb6f)][0m Determined the downstream protocol as 'W3C'
[38;5;0m[HTTP][0m [37m<-- POST /wd/hub/session [39m[32m-[39m [90m- ms - -[39m
[38;5;0m[HTTP][0m [90m[39m
[38;5;48m[AndroidUiautomator2Driver@da35 (9345cb6f)][0m Screen already unlocked, doing nothing
[38;5;48m[AndroidUiautomator2Driver@da35 (9345cb6f)][0m Starting 'com.solodroid.solomerce/com.solodroid.solomerce.activities.ActivitySplash and waiting for 'com.solodroid.solomerce/com.solodroid.solomerce.activities.ActivitySplash'
[38;5;16m[AppiumDriver@8cf5][0m New AndroidUiautomator2Driver session created successfully, session 9345cb6f-5153-46a3-97eb-750be01c831c added to master session list
[38;5;48m[AndroidUiautomator2Driver@2b7d (f2d109a4)][0m Shutting down because we waited 1800 seconds for a command
[38;5;16m[AppiumDriver@8cf5][0m Ending session, cause was 'New Command Timeout of 1800 seconds expired. Try customizing the timeout using the 'newCommandTimeout' desired capability'
[38;5;16m[AppiumDriver@8cf5][0m Removing session 'f2d109a4-318e-4164-bb2d-bf6cef49bf31' from our master session list
[38;5;48m[AndroidUiautomator2Driver@2b7d (f2d109a4)][0m Did not get confirmation UiAutomator2 deleteSession worked; Error was: UnknownError: An unknown server-side error occurred while processing the command. Original error: 'DELETE /' cannot be proxied to UiAutomator2 server because the instrumentation process is not running (probably crashed). Check the server log and/or the logcat output for more details
[38;5;64m[ADB][0m com.solodroid.solomerce was successfully uninstalled
[38;5;48m[AndroidUiautomator2Driver@2b7d (f2d109a4)][0m Restoring hidden api policy to the device default configuration
[38;5;48m[AndroidUiautomator2Driver@da35 (9345cb6f)][0m Shutting down because we waited 1800 seconds for a command
[38;5;16m[AppiumDriver@8cf5][0m Ending session, cause was 'New Command Timeout of 1800 seconds expired. Try customizing the timeout using the 'newCommandTimeout' desired capability'
[38;5;16m[AppiumDriver@8cf5][0m Removing session '9345cb6f-5153-46a3-97eb-750be01c831c' from our master session list
[38;5;48m[AndroidUiautomator2Driver@da35 (9345cb6f)][0m Did not get confirmation UiAutomator2 deleteSession worked; Error was: UnknownError: An unknown server-side error occurred while processing the command. Original error: 'DELETE /' cannot be proxied to UiAutomator2 server because the instrumentation process is not running (probably crashed). Check the server log and/or the logcat output for more details
[38;5;64m[ADB][0m com.solodroid.solomerce was not uninstalled, because it was not present on the device
[38;5;48m[AndroidUiautomator2Driver@da35 (9345cb6f)][0m Restoring hidden api policy to the device default configuration
